  CallbackSample.cpp
d:\virtualbox\lptypewriting\typingmain\typingmain\callbacksample.cpp(9): warning C4117: 保留“__cplusplus”宏名，忽略“#undef”
d:\virtualbox\lptypewriting\typingmain\typingmain\voc.h : warning C4819: 该文件包含不能在当前代码页(936)中表示的字符。请将该文件保存为 Unicode 格式以防止数据丢失
d:\virtualbox\lptypewriting\typingmain\typingmain\callbacksample.cpp(26): warning C4244: “=”: 从“double”转换到“long”，可能丢失数据
  motion.cpp
d:\virtualbox\lptypewriting\typingmain\typingmain\voc.h : warning C4819: 该文件包含不能在当前代码页(936)中表示的字符。请将该文件保存为 Unicode 格式以防止数据丢失
d:\virtualbox\lptypewriting\typingmain\typingmain\motion.cpp(5): warning C4005: “PI”: 宏重定义
  d:\virtualbox\lptypewriting\typingmain\typingmain\display.h(14): note: 参见“PI”的前一个定义
d:\virtualbox\lptypewriting\typingmain\typingmain\motion.cpp(46): warning C4244: “return”: 从“double”转换到“float”，可能丢失数据
d:\virtualbox\lptypewriting\typingmain\typingmain\motion.cpp(48): warning C4244: “return”: 从“double”转换到“float”，可能丢失数据
  typing.cpp
d:\virtualbox\lptypewriting\typingmain\typingmain\voc.h : warning C4819: 该文件包含不能在当前代码页(936)中表示的字符。请将该文件保存为 Unicode 格式以防止数据丢失
d:\virtualbox\lptypewriting\typingmain\typingmain\typing.cpp(87): warning C4267: “初始化”: 从“size_t”转换到“int”，可能丢失数据
d:\virtualbox\lptypewriting\typingmain\typingmain\typing.cpp(88): warning C4267: “初始化”: 从“size_t”转换到“int”，可能丢失数据
d:\virtualbox\lptypewriting\typingmain\typingmain\typing.cpp(89): warning C4267: “初始化”: 从“size_t”转换到“int”，可能丢失数据
d:\virtualbox\lptypewriting\typingmain\typingmain\typing.cpp(126): warning C4244: “=”: 从“double”转换到“int”，可能丢失数据
d:\virtualbox\lptypewriting\typingmain\typingmain\typing.cpp(199): warning C4244: “=”: 从“double”转换到“int”，可能丢失数据
d:\virtualbox\lptypewriting\typingmain\typingmain\typing.cpp(200): warning C4244: “=”: 从“double”转换到“int”，可能丢失数据
d:\virtualbox\lptypewriting\typingmain\typingmain\typing.cpp(271): warning C4267: “=”: 从“size_t”转换到“int”，可能丢失数据
  voc.cpp
d:\virtualbox\lptypewriting\typingmain\typingmain\voc.h : warning C4819: 该文件包含不能在当前代码页(936)中表示的字符。请将该文件保存为 Unicode 格式以防止数据丢失
d:\virtualbox\lptypewriting\typingmain\typingmain\voc.cpp(32): warning C4244: “初始化”: 从“int”转换到“float”，可能丢失数据
d:\virtualbox\lptypewriting\typingmain\typingmain\voc.cpp(129): warning C4267: “+=”: 从“size_t”转换到“int”，可能丢失数据
d:\virtualbox\lptypewriting\typingmain\typingmain\voc.cpp(134): warning C4267: “参数”: 从“size_t”转换到“int”，可能丢失数据
C:\Software\LeapSDK\lib\x64\LeapC.dll : fatal error LNK1107: 文件无效或损坏: 无法在 0x328 处读取
