d:\virtualbox\lptypewriting\typingmain\typingmain\x64\debug\vc141.pdb
d:\virtualbox\lptypewriting\typingmain\typingmain\x64\debug\vc141.idb
d:\virtualbox\lptypewriting\typingmain\typingmain\x64\debug\voc.obj
d:\virtualbox\lptypewriting\typingmain\typingmain\x64\debug\typing.obj
d:\virtualbox\lptypewriting\typingmain\typingmain\x64\debug\motion.obj
d:\virtualbox\lptypewriting\typingmain\typingmain\x64\debug\exampleconnection.obj
d:\virtualbox\lptypewriting\typingmain\typingmain\x64\debug\displaymain.obj
d:\virtualbox\lptypewriting\typingmain\typingmain\x64\debug\display.obj
d:\virtualbox\lptypewriting\typingmain\typingmain\x64\debug\callbacksample.obj
d:\virtualbox\lptypewriting\typingmain\x64\debug\typingmain.exe
d:\virtualbox\lptypewriting\typingmain\x64\debug\typingmain.ilk
d:\virtualbox\lptypewriting\typingmain\x64\debug\typingmain.pdb
d:\virtualbox\lptypewriting\typingmain\typingmain\x64\debug\vcpkg.applocal.log
d:\virtualbox\lptypewriting\typingmain\x64\debug\opencv_core343d.dll
d:\virtualbox\lptypewriting\typingmain\x64\debug\zlibd1.dll
d:\virtualbox\lptypewriting\typingmain\x64\debug\opencv_highgui343d.dll
d:\virtualbox\lptypewriting\typingmain\x64\debug\opencv_videoio343d.dll
d:\virtualbox\lptypewriting\typingmain\x64\debug\opencv_imgcodecs343d.dll
d:\virtualbox\lptypewriting\typingmain\x64\debug\opencv_imgproc343d.dll
d:\virtualbox\lptypewriting\typingmain\x64\debug\jpeg62.dll
d:\virtualbox\lptypewriting\typingmain\x64\debug\libpng16d.dll
d:\virtualbox\lptypewriting\typingmain\x64\debug\tiffd.dll
d:\virtualbox\lptypewriting\typingmain\x64\debug\lzma.dll
d:\virtualbox\lptypewriting\typingmain\typingmain\x64\debug\typingmain.tlog\cl.command.1.tlog
d:\virtualbox\lptypewriting\typingmain\typingmain\x64\debug\typingmain.tlog\cl.read.1.tlog
d:\virtualbox\lptypewriting\typingmain\typingmain\x64\debug\typingmain.tlog\cl.write.1.tlog
d:\virtualbox\lptypewriting\typingmain\typingmain\x64\debug\typingmain.tlog\link.command.1.tlog
d:\virtualbox\lptypewriting\typingmain\typingmain\x64\debug\typingmain.tlog\link.read.1.tlog
d:\virtualbox\lptypewriting\typingmain\typingmain\x64\debug\typingmain.tlog\link.write.1.tlog
d:\virtualbox\lptypewriting\typingmain\typingmain\x64\debug\typingmain.tlog\typingmain.write.1u.tlog
